c:\users\rollins\documents\visual studio 2015\projects\circle_demo\circle_demo\debug\vc140.pdb
c:\users\rollins\documents\visual studio 2015\projects\circle_demo\circle_demo\debug\vc140.idb
c:\users\rollins\documents\visual studio 2015\projects\circle_demo\circle_demo\debug\circle.obj
c:\users\rollins\documents\visual studio 2015\projects\circle_demo\circle_demo\debug\circle_test.obj
c:\users\rollins\documents\visual studio 2015\projects\circle_demo\debug\circle_demo.ilk
c:\users\rollins\documents\visual studio 2015\projects\circle_demo\debug\circle_demo.exe
c:\users\rollins\documents\visual studio 2015\projects\circle_demo\debug\circle_demo.pdb
c:\users\rollins\desktop\circle_demo\circle_demo\circle_demo\debug\circle.obj
c:\users\rollins\desktop\circle_demo\circle_demo\circle_demo\debug\circle_test.obj
c:\users\rollins\desktop\circle_demo\circle_demo\circle_demo\debug\vc140.idb
c:\users\rollins\desktop\circle_demo\circle_demo\circle_demo\debug\vc140.pdb
c:\users\rollins\desktop\circle_demo\circle_demo\debug\circle_demo.pdb
c:\users\rollins\desktop\circle_demo\circle_demo\debug\circle_demo.exe
c:\users\rollins\desktop\circle_demo\circle_demo\debug\circle_demo.ilk
c:\users\rollins\desktop\circle_demo\circle_demo\circle_demo\debug\circle_demo.tlog\cl.command.1.tlog
c:\users\rollins\desktop\circle_demo\circle_demo\circle_demo\debug\circle_demo.tlog\cl.read.1.tlog
c:\users\rollins\desktop\circle_demo\circle_demo\circle_demo\debug\circle_demo.tlog\cl.write.1.tlog
c:\users\rollins\desktop\circle_demo\circle_demo\circle_demo\debug\circle_demo.tlog\link.command.1.tlog
c:\users\rollins\desktop\circle_demo\circle_demo\circle_demo\debug\circle_demo.tlog\link.read.1.tlog
c:\users\rollins\desktop\circle_demo\circle_demo\circle_demo\debug\circle_demo.tlog\link.write.1.tlog
