c:\users\rollins\documents\usf\2016_spring\cop 3331 object oriented design\projects\p8_ticket_booth_1\ticket_booth_1_1\ticket_booth_1\debug\vc140.pdb
c:\users\rollins\documents\usf\2016_spring\cop 3331 object oriented design\projects\p8_ticket_booth_1\ticket_booth_1_1\ticket_booth_1\debug\vc140.idb
c:\users\rollins\documents\usf\2016_spring\cop 3331 object oriented design\projects\p8_ticket_booth_1\ticket_booth_1_1\ticket_booth_1\debug\address.obj
c:\users\rollins\documents\usf\2016_spring\cop 3331 object oriented design\projects\p8_ticket_booth_1\ticket_booth_1_1\ticket_booth_1\debug\command_processor.obj
c:\users\rollins\documents\usf\2016_spring\cop 3331 object oriented design\projects\p8_ticket_booth_1\ticket_booth_1_1\ticket_booth_1\debug\main.obj
c:\users\rollins\documents\usf\2016_spring\cop 3331 object oriented design\projects\p8_ticket_booth_1\ticket_booth_1_1\ticket_booth_1\debug\menu.obj
c:\users\rollins\documents\usf\2016_spring\cop 3331 object oriented design\projects\p8_ticket_booth_1\ticket_booth_1_1\ticket_booth_1\debug\seat.obj
c:\users\rollins\documents\usf\2016_spring\cop 3331 object oriented design\projects\p8_ticket_booth_1\ticket_booth_1_1\ticket_booth_1\debug\seat_row.obj
c:\users\rollins\documents\usf\2016_spring\cop 3331 object oriented design\projects\p8_ticket_booth_1\ticket_booth_1_1\ticket_booth_1\debug\tinyxml.obj
c:\users\rollins\documents\usf\2016_spring\cop 3331 object oriented design\projects\p8_ticket_booth_1\ticket_booth_1_1\ticket_booth_1\debug\tinyxmlerror.obj
c:\users\rollins\documents\usf\2016_spring\cop 3331 object oriented design\projects\p8_ticket_booth_1\ticket_booth_1_1\ticket_booth_1\debug\tinyxmlparser.obj
c:\users\rollins\documents\usf\2016_spring\cop 3331 object oriented design\projects\p8_ticket_booth_1\ticket_booth_1_1\ticket_booth_1\debug\utilities.obj
c:\users\rollins\documents\usf\2016_spring\cop 3331 object oriented design\projects\p8_ticket_booth_1\ticket_booth_1_1\ticket_booth_1\debug\venue.obj
c:\users\rollins\documents\usf\2016_spring\cop 3331 object oriented design\projects\p8_ticket_booth_1\ticket_booth_1_1\ticket_booth_1\debug\venues_from_xml.obj
c:\users\rollins\documents\usf\2016_spring\cop 3331 object oriented design\projects\p8_ticket_booth_1\ticket_booth_1_1\debug\ticket_booth_1.ilk
c:\users\rollins\documents\usf\2016_spring\cop 3331 object oriented design\projects\p8_ticket_booth_1\ticket_booth_1_1\debug\ticket_booth_1.exe
c:\users\rollins\documents\usf\2016_spring\cop 3331 object oriented design\projects\p8_ticket_booth_1\ticket_booth_1_1\debug\ticket_booth_1.pdb
c:\users\turnerr\desktop\ticket_booth_1\ticket_booth_1\debug\address.obj
c:\users\turnerr\desktop\ticket_booth_1\ticket_booth_1\debug\command_processor.obj
c:\users\turnerr\desktop\ticket_booth_1\ticket_booth_1\debug\main.obj
c:\users\turnerr\desktop\ticket_booth_1\ticket_booth_1\debug\menu.obj
c:\users\turnerr\desktop\ticket_booth_1\ticket_booth_1\debug\seat.obj
c:\users\turnerr\desktop\ticket_booth_1\ticket_booth_1\debug\seat_row.obj
c:\users\turnerr\desktop\ticket_booth_1\ticket_booth_1\debug\tinyxml.obj
c:\users\turnerr\desktop\ticket_booth_1\ticket_booth_1\debug\tinyxmlerror.obj
c:\users\turnerr\desktop\ticket_booth_1\ticket_booth_1\debug\tinyxmlparser.obj
c:\users\turnerr\desktop\ticket_booth_1\ticket_booth_1\debug\utilities.obj
c:\users\turnerr\desktop\ticket_booth_1\ticket_booth_1\debug\venue.obj
c:\users\turnerr\desktop\ticket_booth_1\ticket_booth_1\debug\venues_from_xml.obj
c:\users\turnerr\desktop\ticket_booth_1\ticket_booth_1\debug\vc140.idb
c:\users\turnerr\desktop\ticket_booth_1\ticket_booth_1\debug\vc140.pdb
c:\users\turnerr\desktop\ticket_booth_1\debug\ticket_booth_1.pdb
c:\users\turnerr\desktop\ticket_booth_1\debug\ticket_booth_1.exe
c:\users\turnerr\desktop\ticket_booth_1\debug\ticket_booth_1.ilk
c:\users\turnerr\desktop\ticket_booth_1\ticket_booth_1\debug\ticket_booth_1.tlog\cl.command.1.tlog
c:\users\turnerr\desktop\ticket_booth_1\ticket_booth_1\debug\ticket_booth_1.tlog\cl.read.1.tlog
c:\users\turnerr\desktop\ticket_booth_1\ticket_booth_1\debug\ticket_booth_1.tlog\cl.write.1.tlog
c:\users\turnerr\desktop\ticket_booth_1\ticket_booth_1\debug\ticket_booth_1.tlog\link.command.1.tlog
c:\users\turnerr\desktop\ticket_booth_1\ticket_booth_1\debug\ticket_booth_1.tlog\link.read.1.tlog
c:\users\turnerr\desktop\ticket_booth_1\ticket_booth_1\debug\ticket_booth_1.tlog\link.write.1.tlog
